[ 2017-12-29 00:08:22 ] / | REQUEST: [{"request":[],"input":""}]
[ 2017-12-29 00:08:22 ] /favicon.ico | REQUEST: [{"request":[],"input":""}]
[ 2017-12-29 00:08:33 ] / | REQUEST: [{"request":[],"input":""}]
[ 2017-12-29 00:08:33 ] /favicon.ico | REQUEST: [{"request":[],"input":""}]
[ 2017-12-29 00:08:37 ] / | REQUEST: [{"request":[],"input":""}]
[ 2017-12-29 00:08:37 ] /favicon.ico | REQUEST: [{"request":[],"input":""}]
[ 2017-12-29 00:50:45 ] / | REQUEST: [{"request":[],"input":""}]
[ 2017-12-29 00:50:45 ] / | REQUEST: [{"request":[],"input":""}]
[ 2017-12-29 00:50:45 ] /favicon.ico | REQUEST: [{"request":[],"input":""}]
[ 2017-12-29 00:50:45 ] /favicon.ico | REQUEST: [{"request":[],"input":""}]
[ 2017-12-29 00:50:45 ] / | REQUEST: [{"request":[],"input":""}]
[ 2017-12-29 00:50:45 ] /favicon.ico | REQUEST: [{"request":[],"input":""}]
[ 2017-12-29 00:50:46 ] / | REQUEST: [{"request":[],"input":""}]
[ 2017-12-29 00:50:46 ] /favicon.ico | REQUEST: [{"request":[],"input":""}]
[ 2017-12-29 00:50:46 ] / | REQUEST: [{"request":[],"input":""}]
[ 2017-12-29 00:50:46 ] /favicon.ico | REQUEST: [{"request":[],"input":""}]
[ 2017-12-29 00:50:46 ] / | REQUEST: [{"request":[],"input":""}]
[ 2017-12-29 00:50:46 ] /favicon.ico | REQUEST: [{"request":[],"input":""}]
[ 2017-12-29 00:50:46 ] / | REQUEST: [{"request":[],"input":""}]
[ 2017-12-29 00:50:46 ] /favicon.ico | REQUEST: [{"request":[],"input":""}]
[ 2017-12-29 00:50:59 ] / | REQUEST: [{"request":[],"input":""}]
[ 2017-12-29 00:50:59 ] /favicon.ico | REQUEST: [{"request":[],"input":""}]
[ 2017-12-29 00:50:59 ] / | REQUEST: [{"request":[],"input":""}]
[ 2017-12-29 00:50:59 ] /favicon.ico | REQUEST: [{"request":[],"input":""}]
[ 2017-12-29 00:51:00 ] / | REQUEST: [{"request":[],"input":""}]
[ 2017-12-29 00:51:00 ] /favicon.ico | REQUEST: [{"request":[],"input":""}]
[ 2017-12-29 00:51:00 ] / | REQUEST: [{"request":[],"input":""}]
[ 2017-12-29 00:51:00 ] /favicon.ico | REQUEST: [{"request":[],"input":""}]
[ 2017-12-29 00:51:00 ] / | REQUEST: [{"request":[],"input":""}]
[ 2017-12-29 00:51:00 ] /favicon.ico | REQUEST: [{"request":[],"input":""}]
[ 2017-12-29 00:51:00 ] / | REQUEST: [{"request":[],"input":""}]
[ 2017-12-29 00:51:01 ] /favicon.ico | REQUEST: [{"request":[],"input":""}]
[ 2017-12-29 00:51:01 ] / | REQUEST: [{"request":[],"input":""}]
[ 2017-12-29 00:51:01 ] /favicon.ico | REQUEST: [{"request":[],"input":""}]
[ 2017-12-29 00:51:21 ] / | REQUEST: [{"request":[],"input":""}]
[ 2017-12-29 00:51:21 ] /favicon.ico | REQUEST: [{"request":[],"input":""}]
[ 2017-12-29 00:51:22 ] / | REQUEST: [{"request":[],"input":""}]
[ 2017-12-29 00:51:22 ] /favicon.ico | REQUEST: [{"request":[],"input":""}]
[ 2017-12-29 00:51:22 ] / | REQUEST: [{"request":[],"input":""}]
[ 2017-12-29 00:51:22 ] /favicon.ico | REQUEST: [{"request":[],"input":""}]
[ 2017-12-29 00:51:23 ] / | REQUEST: [{"request":[],"input":""}]
[ 2017-12-29 00:51:23 ] /favicon.ico | REQUEST: [{"request":[],"input":""}]
[ 2017-12-29 00:51:23 ] / | REQUEST: [{"request":[],"input":""}]
[ 2017-12-29 00:51:23 ] /favicon.ico | REQUEST: [{"request":[],"input":""}]
[ 2017-12-29 00:51:23 ] / | REQUEST: [{"request":[],"input":""}]
[ 2017-12-29 00:51:23 ] /favicon.ico | REQUEST: [{"request":[],"input":""}]
[ 2017-12-29 00:51:23 ] / | REQUEST: [{"request":[],"input":""}]
[ 2017-12-29 00:51:23 ] /favicon.ico | REQUEST: [{"request":[],"input":""}]
[ 2017-12-29 00:51:23 ] / | REQUEST: [{"request":[],"input":""}]
[ 2017-12-29 00:51:23 ] /favicon.ico | REQUEST: [{"request":[],"input":""}]
[ 2017-12-29 00:51:24 ] / | REQUEST: [{"request":[],"input":""}]
[ 2017-12-29 00:51:24 ] /favicon.ico | REQUEST: [{"request":[],"input":""}]
[ 2017-12-29 00:51:24 ] / | REQUEST: [{"request":[],"input":""}]
[ 2017-12-29 00:51:24 ] /favicon.ico | REQUEST: [{"request":[],"input":""}]
[ 2017-12-29 00:51:24 ] / | REQUEST: [{"request":[],"input":""}]
[ 2017-12-29 00:51:24 ] /favicon.ico | REQUEST: [{"request":[],"input":""}]
[ 2017-12-29 00:51:31 ] / | REQUEST: [{"request":[],"input":""}]
[ 2017-12-29 00:51:31 ] /favicon.ico | REQUEST: [{"request":[],"input":""}]
[ 2017-12-29 00:51:31 ] / | REQUEST: [{"request":[],"input":""}]
[ 2017-12-29 00:51:31 ] /favicon.ico | REQUEST: [{"request":[],"input":""}]
[ 2017-12-29 00:51:32 ] / | REQUEST: [{"request":[],"input":""}]
[ 2017-12-29 00:51:32 ] /favicon.ico | REQUEST: [{"request":[],"input":""}]
[ 2017-12-29 00:51:46 ] / | REQUEST: [{"request":[],"input":""}]
[ 2017-12-29 00:51:46 ] /favicon.ico | REQUEST: [{"request":[],"input":""}]
[ 2017-12-29 00:51:47 ] / | REQUEST: [{"request":[],"input":""}]
[ 2017-12-29 00:51:47 ] /favicon.ico | REQUEST: [{"request":[],"input":""}]
[ 2017-12-29 00:51:47 ] / | REQUEST: [{"request":[],"input":""}]
[ 2017-12-29 00:51:47 ] /favicon.ico | REQUEST: [{"request":[],"input":""}]
[ 2017-12-29 00:51:47 ] / | REQUEST: [{"request":[],"input":""}]
[ 2017-12-29 00:51:47 ] /favicon.ico | REQUEST: [{"request":[],"input":""}]
[ 2017-12-29 00:51:47 ] / | REQUEST: [{"request":[],"input":""}]
[ 2017-12-29 00:51:47 ] /favicon.ico | REQUEST: [{"request":[],"input":""}]
[ 2017-12-29 00:51:48 ] / | REQUEST: [{"request":[],"input":""}]
[ 2017-12-29 00:51:48 ] /favicon.ico | REQUEST: [{"request":[],"input":""}]
[ 2017-12-29 00:52:07 ] / | REQUEST: [{"request":[],"input":""}]
[ 2017-12-29 00:52:07 ] /favicon.ico | REQUEST: [{"request":[],"input":""}]
[ 2017-12-29 00:52:07 ] / | REQUEST: [{"request":[],"input":""}]
[ 2017-12-29 00:52:07 ] /favicon.ico | REQUEST: [{"request":[],"input":""}]
[ 2017-12-29 00:52:08 ] / | REQUEST: [{"request":[],"input":""}]
[ 2017-12-29 00:52:08 ] /favicon.ico | REQUEST: [{"request":[],"input":""}]
[ 2017-12-29 00:52:08 ] / | REQUEST: [{"request":[],"input":""}]
[ 2017-12-29 00:52:08 ] /favicon.ico | REQUEST: [{"request":[],"input":""}]
[ 2017-12-29 00:52:08 ] / | REQUEST: [{"request":[],"input":""}]
[ 2017-12-29 00:52:09 ] / | REQUEST: [{"request":[],"input":""}]
[ 2017-12-29 00:52:09 ] /favicon.ico | REQUEST: [{"request":[],"input":""}]
[ 2017-12-29 00:52:09 ] /favicon.ico | REQUEST: [{"request":[],"input":""}]
[ 2017-12-29 00:52:09 ] / | REQUEST: [{"request":[],"input":""}]
[ 2017-12-29 00:52:09 ] /favicon.ico | REQUEST: [{"request":[],"input":""}]
[ 2017-12-29 00:52:09 ] / | REQUEST: [{"request":[],"input":""}]
[ 2017-12-29 00:52:09 ] /favicon.ico | REQUEST: [{"request":[],"input":""}]
[ 2017-12-29 00:52:09 ] / | REQUEST: [{"request":[],"input":""}]
[ 2017-12-29 00:52:09 ] /favicon.ico | REQUEST: [{"request":[],"input":""}]
[ 2017-12-29 00:52:10 ] / | REQUEST: [{"request":[],"input":""}]
[ 2017-12-29 00:52:10 ] /favicon.ico | REQUEST: [{"request":[],"input":""}]
[ 2017-12-29 00:52:10 ] / | REQUEST: [{"request":[],"input":""}]
[ 2017-12-29 00:52:10 ] /favicon.ico | REQUEST: [{"request":[],"input":""}]
[ 2017-12-29 00:52:10 ] / | REQUEST: [{"request":[],"input":""}]
[ 2017-12-29 00:52:10 ] /favicon.ico | REQUEST: [{"request":[],"input":""}]
[ 2017-12-29 00:52:10 ] / | REQUEST: [{"request":[],"input":""}]
[ 2017-12-29 00:52:10 ] /favicon.ico | REQUEST: [{"request":[],"input":""}]
[ 2017-12-29 00:52:11 ] / | REQUEST: [{"request":[],"input":""}]
[ 2017-12-29 00:52:11 ] /favicon.ico | REQUEST: [{"request":[],"input":""}]
[ 2017-12-29 00:52:11 ] / | REQUEST: [{"request":[],"input":""}]
[ 2017-12-29 00:52:11 ] /favicon.ico | REQUEST: [{"request":[],"input":""}]
[ 2017-12-29 00:52:11 ] / | REQUEST: [{"request":[],"input":""}]
[ 2017-12-29 00:52:11 ] /favicon.ico | REQUEST: [{"request":[],"input":""}]
[ 2017-12-29 00:52:12 ] / | REQUEST: [{"request":[],"input":""}]
[ 2017-12-29 00:52:12 ] /favicon.ico | REQUEST: [{"request":[],"input":""}]
[ 2017-12-29 00:52:13 ] / | REQUEST: [{"request":[],"input":""}]
[ 2017-12-29 00:52:13 ] /favicon.ico | REQUEST: [{"request":[],"input":""}]
[ 2017-12-29 00:52:13 ] / | REQUEST: [{"request":[],"input":""}]
[ 2017-12-29 00:52:14 ] /favicon.ico | REQUEST: [{"request":[],"input":""}]
[ 2017-12-29 00:52:14 ] / | REQUEST: [{"request":[],"input":""}]
[ 2017-12-29 00:52:14 ] /favicon.ico | REQUEST: [{"request":[],"input":""}]
[ 2017-12-29 00:52:14 ] / | REQUEST: [{"request":[],"input":""}]
[ 2017-12-29 00:52:14 ] /favicon.ico | REQUEST: [{"request":[],"input":""}]
[ 2017-12-29 00:52:14 ] / | REQUEST: [{"request":[],"input":""}]
[ 2017-12-29 00:52:14 ] /favicon.ico | REQUEST: [{"request":[],"input":""}]
[ 2017-12-29 00:52:14 ] / | REQUEST: [{"request":[],"input":""}]
[ 2017-12-29 00:52:14 ] /favicon.ico | REQUEST: [{"request":[],"input":""}]
[ 2017-12-29 00:52:14 ] / | REQUEST: [{"request":[],"input":""}]
[ 2017-12-29 00:52:15 ] / | REQUEST: [{"request":[],"input":""}]
[ 2017-12-29 00:52:15 ] /favicon.ico | REQUEST: [{"request":[],"input":""}]
[ 2017-12-29 00:52:15 ] /favicon.ico | REQUEST: [{"request":[],"input":""}]
[ 2017-12-29 00:52:15 ] / | REQUEST: [{"request":[],"input":""}]
[ 2017-12-29 00:52:15 ] /favicon.ico | REQUEST: [{"request":[],"input":""}]
[ 2017-12-29 00:52:23 ] / | REQUEST: [{"request":[],"input":""}]
[ 2017-12-29 00:52:23 ] /favicon.ico | REQUEST: [{"request":[],"input":""}]
[ 2017-12-29 00:52:24 ] / | REQUEST: [{"request":[],"input":""}]
[ 2017-12-29 00:52:24 ] /favicon.ico | REQUEST: [{"request":[],"input":""}]
[ 2017-12-29 00:52:24 ] / | REQUEST: [{"request":[],"input":""}]
[ 2017-12-29 00:52:24 ] /favicon.ico | REQUEST: [{"request":[],"input":""}]
[ 2017-12-29 00:52:24 ] / | REQUEST: [{"request":[],"input":""}]
[ 2017-12-29 00:52:24 ] /favicon.ico | REQUEST: [{"request":[],"input":""}]
[ 2017-12-29 00:52:25 ] / | REQUEST: [{"request":[],"input":""}]
[ 2017-12-29 00:52:25 ] /favicon.ico | REQUEST: [{"request":[],"input":""}]
[ 2017-12-29 00:52:25 ] / | REQUEST: [{"request":[],"input":""}]
[ 2017-12-29 00:52:25 ] /favicon.ico | REQUEST: [{"request":[],"input":""}]
[ 2017-12-29 00:52:25 ] / | REQUEST: [{"request":[],"input":""}]
[ 2017-12-29 00:52:25 ] /favicon.ico | REQUEST: [{"request":[],"input":""}]
[ 2017-12-29 00:52:25 ] / | REQUEST: [{"request":[],"input":""}]
[ 2017-12-29 00:52:25 ] /favicon.ico | REQUEST: [{"request":[],"input":""}]
[ 2017-12-29 00:52:25 ] / | REQUEST: [{"request":[],"input":""}]
[ 2017-12-29 00:52:25 ] /favicon.ico | REQUEST: [{"request":[],"input":""}]
[ 2017-12-29 00:52:26 ] / | REQUEST: [{"request":[],"input":""}]
[ 2017-12-29 00:52:26 ] /favicon.ico | REQUEST: [{"request":[],"input":""}]
[ 2017-12-29 00:52:26 ] / | REQUEST: [{"request":[],"input":""}]
[ 2017-12-29 00:52:26 ] /favicon.ico | REQUEST: [{"request":[],"input":""}]
[ 2017-12-29 00:52:26 ] / | REQUEST: [{"request":[],"input":""}]
[ 2017-12-29 00:52:26 ] /favicon.ico | REQUEST: [{"request":[],"input":""}]
[ 2017-12-29 00:54:44 ] / | REQUEST: [{"request":[],"input":""}]
[ 2017-12-29 00:54:44 ] /favicon.ico | REQUEST: [{"request":[],"input":""}]
[ 2017-12-29 00:54:44 ] / | REQUEST: [{"request":[],"input":""}]
[ 2017-12-29 00:54:44 ] /favicon.ico | REQUEST: [{"request":[],"input":""}]
[ 2017-12-29 00:54:44 ] / | REQUEST: [{"request":[],"input":""}]
[ 2017-12-29 00:54:44 ] /favicon.ico | REQUEST: [{"request":[],"input":""}]
[ 2017-12-29 00:54:44 ] / | REQUEST: [{"request":[],"input":""}]
[ 2017-12-29 00:54:44 ] /favicon.ico | REQUEST: [{"request":[],"input":""}]
[ 2017-12-29 00:54:45 ] / | REQUEST: [{"request":[],"input":""}]
[ 2017-12-29 00:54:45 ] /favicon.ico | REQUEST: [{"request":[],"input":""}]
[ 2017-12-29 00:54:45 ] / | REQUEST: [{"request":[],"input":""}]
[ 2017-12-29 00:54:45 ] /favicon.ico | REQUEST: [{"request":[],"input":""}]
[ 2017-12-29 00:55:06 ] / | REQUEST: [{"request":[],"input":""}]
[ 2017-12-29 00:55:06 ] /favicon.ico | REQUEST: [{"request":[],"input":""}]
[ 2017-12-29 00:55:07 ] / | REQUEST: [{"request":[],"input":""}]
[ 2017-12-29 00:55:07 ] /favicon.ico | REQUEST: [{"request":[],"input":""}]
[ 2017-12-29 00:55:07 ] / | REQUEST: [{"request":[],"input":""}]
[ 2017-12-29 00:55:08 ] /favicon.ico | REQUEST: [{"request":[],"input":""}]
[ 2017-12-29 00:55:08 ] / | REQUEST: [{"request":[],"input":""}]
[ 2017-12-29 00:55:08 ] /favicon.ico | REQUEST: [{"request":[],"input":""}]
[ 2017-12-29 00:55:08 ] / | REQUEST: [{"request":[],"input":""}]
[ 2017-12-29 00:55:08 ] /favicon.ico | REQUEST: [{"request":[],"input":""}]
[ 2017-12-29 00:55:12 ] / | REQUEST: [{"request":[],"input":""}]
[ 2017-12-29 00:55:12 ] /favicon.ico | REQUEST: [{"request":[],"input":""}]
[ 2017-12-29 00:55:21 ] / | REQUEST: [{"request":[],"input":""}]
[ 2017-12-29 00:55:21 ] /favicon.ico | REQUEST: [{"request":[],"input":""}]
[ 2017-12-29 00:55:21 ] / | REQUEST: [{"request":[],"input":""}]
[ 2017-12-29 00:55:21 ] /favicon.ico | REQUEST: [{"request":[],"input":""}]
[ 2017-12-29 00:55:22 ] / | REQUEST: [{"request":[],"input":""}]
[ 2017-12-29 00:55:22 ] /favicon.ico | REQUEST: [{"request":[],"input":""}]
[ 2017-12-29 00:55:22 ] / | REQUEST: [{"request":[],"input":""}]
[ 2017-12-29 00:55:22 ] /favicon.ico | REQUEST: [{"request":[],"input":""}]
[ 2017-12-29 00:55:22 ] / | REQUEST: [{"request":[],"input":""}]
[ 2017-12-29 00:55:22 ] /favicon.ico | REQUEST: [{"request":[],"input":""}]
[ 2017-12-29 00:55:22 ] / | REQUEST: [{"request":[],"input":""}]
[ 2017-12-29 00:55:22 ] /favicon.ico | REQUEST: [{"request":[],"input":""}]
[ 2017-12-29 00:55:23 ] / | REQUEST: [{"request":[],"input":""}]
[ 2017-12-29 00:55:23 ] /favicon.ico | REQUEST: [{"request":[],"input":""}]
[ 2017-12-29 00:55:24 ] / | REQUEST: [{"request":[],"input":""}]
[ 2017-12-29 00:55:24 ] /favicon.ico | REQUEST: [{"request":[],"input":""}]
[ 2017-12-29 00:55:24 ] / | REQUEST: [{"request":[],"input":""}]
[ 2017-12-29 00:55:24 ] /favicon.ico | REQUEST: [{"request":[],"input":""}]
[ 2017-12-29 00:55:24 ] / | REQUEST: [{"request":[],"input":""}]
[ 2017-12-29 00:55:24 ] /favicon.ico | REQUEST: [{"request":[],"input":""}]
[ 2017-12-29 00:55:25 ] / | REQUEST: [{"request":[],"input":""}]
[ 2017-12-29 00:55:25 ] /favicon.ico | REQUEST: [{"request":[],"input":""}]
[ 2017-12-29 00:55:25 ] / | REQUEST: [{"request":[],"input":""}]
[ 2017-12-29 00:55:25 ] /favicon.ico | REQUEST: [{"request":[],"input":""}]
[ 2017-12-29 00:55:25 ] / | REQUEST: [{"request":[],"input":""}]
[ 2017-12-29 00:55:25 ] /favicon.ico | REQUEST: [{"request":[],"input":""}]
[ 2017-12-29 00:55:25 ] / | REQUEST: [{"request":[],"input":""}]
[ 2017-12-29 00:55:25 ] /favicon.ico | REQUEST: [{"request":[],"input":""}]
[ 2017-12-29 00:55:25 ] / | REQUEST: [{"request":[],"input":""}]
[ 2017-12-29 00:55:25 ] /favicon.ico | REQUEST: [{"request":[],"input":""}]
[ 2017-12-29 00:55:26 ] / | REQUEST: [{"request":[],"input":""}]
[ 2017-12-29 00:55:26 ] /favicon.ico | REQUEST: [{"request":[],"input":""}]
[ 2017-12-29 00:55:26 ] / | REQUEST: [{"request":[],"input":""}]
[ 2017-12-29 00:55:26 ] /favicon.ico | REQUEST: [{"request":[],"input":""}]
[ 2017-12-29 00:55:26 ] / | REQUEST: [{"request":[],"input":""}]
[ 2017-12-29 00:55:26 ] /favicon.ico | REQUEST: [{"request":[],"input":""}]
[ 2017-12-29 00:55:27 ] / | REQUEST: [{"request":[],"input":""}]
[ 2017-12-29 00:55:27 ] /favicon.ico | REQUEST: [{"request":[],"input":""}]
[ 2017-12-29 00:55:27 ] / | REQUEST: [{"request":[],"input":""}]
[ 2017-12-29 00:55:27 ] /favicon.ico | REQUEST: [{"request":[],"input":""}]
[ 2017-12-29 00:55:27 ] / | REQUEST: [{"request":[],"input":""}]
[ 2017-12-29 00:55:27 ] /favicon.ico | REQUEST: [{"request":[],"input":""}]
[ 2017-12-29 00:55:28 ] / | REQUEST: [{"request":[],"input":""}]
[ 2017-12-29 00:55:28 ] /favicon.ico | REQUEST: [{"request":[],"input":""}]
[ 2017-12-29 00:56:23 ] / | REQUEST: [{"request":[],"input":""}]
[ 2017-12-29 00:56:23 ] /favicon.ico | REQUEST: [{"request":[],"input":""}]
[ 2017-12-29 00:57:38 ] / | REQUEST: [{"request":[],"input":""}]
[ 2017-12-29 00:57:38 ] /favicon.ico | REQUEST: [{"request":[],"input":""}]
[ 2017-12-29 00:58:22 ] / | REQUEST: [{"request":[],"input":""}]
[ 2017-12-29 00:58:22 ] /favicon.ico | REQUEST: [{"request":[],"input":""}]
[ 2017-12-29 00:58:35 ] / | REQUEST: [{"request":[],"input":""}]
[ 2017-12-29 00:58:35 ] /favicon.ico | REQUEST: [{"request":[],"input":""}]
[ 2017-12-29 01:01:01 ] / | REQUEST: [{"request":[],"input":""}]
[ 2017-12-29 01:01:01 ] /favicon.ico | REQUEST: [{"request":[],"input":""}]
[ 2017-12-29 01:01:02 ] / | REQUEST: [{"request":[],"input":""}]
[ 2017-12-29 01:01:02 ] /favicon.ico | REQUEST: [{"request":[],"input":""}]
[ 2017-12-29 01:01:03 ] / | REQUEST: [{"request":[],"input":""}]
[ 2017-12-29 01:01:03 ] /favicon.ico | REQUEST: [{"request":[],"input":""}]
[ 2017-12-29 01:01:04 ] / | REQUEST: [{"request":[],"input":""}]
[ 2017-12-29 01:01:04 ] /favicon.ico | REQUEST: [{"request":[],"input":""}]
[ 2017-12-29 01:01:05 ] / | REQUEST: [{"request":[],"input":""}]
[ 2017-12-29 01:01:05 ] /favicon.ico | REQUEST: [{"request":[],"input":""}]
[ 2017-12-29 01:01:05 ] / | REQUEST: [{"request":[],"input":""}]
[ 2017-12-29 01:01:05 ] /favicon.ico | REQUEST: [{"request":[],"input":""}]
[ 2017-12-29 01:01:05 ] / | REQUEST: [{"request":[],"input":""}]
[ 2017-12-29 01:01:05 ] /favicon.ico | REQUEST: [{"request":[],"input":""}]
[ 2017-12-29 01:01:42 ] / | REQUEST: [{"request":[],"input":""}]
[ 2017-12-29 01:01:42 ] /favicon.ico | REQUEST: [{"request":[],"input":""}]
[ 2017-12-29 01:02:32 ] / | REQUEST: [{"request":[],"input":""}]
[ 2017-12-29 01:02:32 ] /favicon.ico | REQUEST: [{"request":[],"input":""}]
[ 2017-12-29 01:02:32 ] / | REQUEST: [{"request":[],"input":""}]
[ 2017-12-29 01:02:32 ] /favicon.ico | REQUEST: [{"request":[],"input":""}]
[ 2017-12-29 01:02:32 ] / | REQUEST: [{"request":[],"input":""}]
[ 2017-12-29 01:02:33 ] /favicon.ico | REQUEST: [{"request":[],"input":""}]
[ 2017-12-29 01:03:09 ] / | REQUEST: [{"request":[],"input":""}]
[ 2017-12-29 01:03:09 ] /favicon.ico | REQUEST: [{"request":[],"input":""}]
[ 2017-12-29 01:03:09 ] / | REQUEST: [{"request":[],"input":""}]
[ 2017-12-29 01:03:10 ] /favicon.ico | REQUEST: [{"request":[],"input":""}]
[ 2017-12-29 01:03:10 ] / | REQUEST: [{"request":[],"input":""}]
[ 2017-12-29 01:03:10 ] /favicon.ico | REQUEST: [{"request":[],"input":""}]
[ 2017-12-29 01:03:57 ] / | REQUEST: [{"request":[],"input":""}]
[ 2017-12-29 01:03:57 ] /favicon.ico | REQUEST: [{"request":[],"input":""}]
[ 2017-12-29 01:03:58 ] / | REQUEST: [{"request":[],"input":""}]
[ 2017-12-29 01:03:58 ] /favicon.ico | REQUEST: [{"request":[],"input":""}]
[ 2017-12-29 01:03:58 ] / | REQUEST: [{"request":[],"input":""}]
[ 2017-12-29 01:03:58 ] /favicon.ico | REQUEST: [{"request":[],"input":""}]
[ 2017-12-29 01:03:59 ] / | REQUEST: [{"request":[],"input":""}]
[ 2017-12-29 01:03:59 ] /favicon.ico | REQUEST: [{"request":[],"input":""}]
[ 2017-12-29 01:03:59 ] / | REQUEST: [{"request":[],"input":""}]
[ 2017-12-29 01:03:59 ] /favicon.ico | REQUEST: [{"request":[],"input":""}]
[ 2017-12-29 01:04:34 ] / | REQUEST: [{"request":[],"input":""}]
[ 2017-12-29 01:04:34 ] /favicon.ico | REQUEST: [{"request":[],"input":""}]
[ 2017-12-29 01:04:37 ] / | REQUEST: [{"request":[],"input":""}]
[ 2017-12-29 01:04:37 ] /favicon.ico | REQUEST: [{"request":[],"input":""}]
[ 2017-12-29 01:04:37 ] / | REQUEST: [{"request":[],"input":""}]
[ 2017-12-29 01:04:38 ] /favicon.ico | REQUEST: [{"request":[],"input":""}]
[ 2017-12-29 01:04:38 ] / | REQUEST: [{"request":[],"input":""}]
[ 2017-12-29 01:04:38 ] /favicon.ico | REQUEST: [{"request":[],"input":""}]
[ 2017-12-29 01:06:13 ] / | REQUEST: [{"request":[],"input":""}]
[ 2017-12-29 01:06:13 ] /favicon.ico | REQUEST: [{"request":[],"input":""}]
[ 2017-12-29 01:06:14 ] / | REQUEST: [{"request":[],"input":""}]
[ 2017-12-29 01:06:14 ] /favicon.ico | REQUEST: [{"request":[],"input":""}]
[ 2017-12-29 01:06:58 ] / | REQUEST: [{"request":[],"input":""}]
[ 2017-12-29 01:06:58 ] /favicon.ico | REQUEST: [{"request":[],"input":""}]
[ 2017-12-29 01:06:59 ] / | REQUEST: [{"request":[],"input":""}]
[ 2017-12-29 01:06:59 ] /favicon.ico | REQUEST: [{"request":[],"input":""}]
[ 2017-12-29 01:06:59 ] / | REQUEST: [{"request":[],"input":""}]
[ 2017-12-29 01:06:59 ] /favicon.ico | REQUEST: [{"request":[],"input":""}]
[ 2017-12-29 01:06:59 ] / | REQUEST: [{"request":[],"input":""}]
[ 2017-12-29 01:07:00 ] /favicon.ico | REQUEST: [{"request":[],"input":""}]
[ 2017-12-29 01:07:00 ] / | REQUEST: [{"request":[],"input":""}]
[ 2017-12-29 01:07:00 ] /favicon.ico | REQUEST: [{"request":[],"input":""}]
[ 2017-12-29 01:07:00 ] / | REQUEST: [{"request":[],"input":""}]
[ 2017-12-29 01:07:00 ] /favicon.ico | REQUEST: [{"request":[],"input":""}]
[ 2017-12-29 01:07:00 ] / | REQUEST: [{"request":[],"input":""}]
[ 2017-12-29 01:07:00 ] /favicon.ico | REQUEST: [{"request":[],"input":""}]
[ 2017-12-29 01:07:00 ] / | REQUEST: [{"request":[],"input":""}]
[ 2017-12-29 01:07:00 ] /favicon.ico | REQUEST: [{"request":[],"input":""}]
[ 2017-12-29 01:07:00 ] / | REQUEST: [{"request":[],"input":""}]
[ 2017-12-29 01:07:01 ] /favicon.ico | REQUEST: [{"request":[],"input":""}]
[ 2017-12-29 01:07:01 ] / | REQUEST: [{"request":[],"input":""}]
[ 2017-12-29 01:07:01 ] /favicon.ico | REQUEST: [{"request":[],"input":""}]
[ 2017-12-29 01:07:01 ] / | REQUEST: [{"request":[],"input":""}]
[ 2017-12-29 01:07:01 ] /favicon.ico | REQUEST: [{"request":[],"input":""}]
[ 2017-12-29 01:07:01 ] / | REQUEST: [{"request":[],"input":""}]
[ 2017-12-29 01:07:01 ] /favicon.ico | REQUEST: [{"request":[],"input":""}]
[ 2017-12-29 01:07:01 ] / | REQUEST: [{"request":[],"input":""}]
[ 2017-12-29 01:07:01 ] /favicon.ico | REQUEST: [{"request":[],"input":""}]
[ 2017-12-29 01:07:01 ] / | REQUEST: [{"request":[],"input":""}]
[ 2017-12-29 01:07:01 ] /favicon.ico | REQUEST: [{"request":[],"input":""}]
[ 2017-12-29 01:07:02 ] / | REQUEST: [{"request":[],"input":""}]
[ 2017-12-29 01:07:02 ] /favicon.ico | REQUEST: [{"request":[],"input":""}]
[ 2017-12-29 01:07:09 ] / | REQUEST: [{"request":[],"input":""}]
[ 2017-12-29 01:07:09 ] /favicon.ico | REQUEST: [{"request":[],"input":""}]
[ 2017-12-29 01:07:10 ] / | REQUEST: [{"request":[],"input":""}]
[ 2017-12-29 01:07:10 ] /favicon.ico | REQUEST: [{"request":[],"input":""}]
[ 2017-12-29 01:07:24 ] / | REQUEST: [{"request":[],"input":""}]
[ 2017-12-29 01:07:24 ] /favicon.ico | REQUEST: [{"request":[],"input":""}]
[ 2017-12-29 01:07:29 ] / | REQUEST: [{"request":[],"input":""}]
[ 2017-12-29 01:07:29 ] /favicon.ico | REQUEST: [{"request":[],"input":""}]
[ 2017-12-29 01:07:42 ] /?p=2 | REQUEST: [{"request":[],"input":""}]
[ 2017-12-29 01:07:42 ] /favicon.ico | REQUEST: [{"request":[],"input":""}]
[ 2017-12-29 01:07:45 ] /?p=3 | REQUEST: [{"request":[],"input":""}]
[ 2017-12-29 01:07:46 ] /favicon.ico | REQUEST: [{"request":[],"input":""}]
[ 2017-12-29 01:07:48 ] /?p=1 | REQUEST: [{"request":[],"input":""}]
[ 2017-12-29 01:07:48 ] /favicon.ico | REQUEST: [{"request":[],"input":""}]
[ 2017-12-29 01:07:56 ] /?p=2 | REQUEST: [{"request":[],"input":""}]
[ 2017-12-29 01:07:56 ] /favicon.ico | REQUEST: [{"request":[],"input":""}]
[ 2017-12-29 01:07:59 ] /?p=3 | REQUEST: [{"request":[],"input":""}]
[ 2017-12-29 01:07:59 ] /favicon.ico | REQUEST: [{"request":[],"input":""}]
[ 2017-12-29 01:08:35 ] /?p=3 | REQUEST: [{"request":[],"input":""}]
[ 2017-12-29 01:08:35 ] /favicon.ico | REQUEST: [{"request":[],"input":""}]
[ 2017-12-29 01:08:36 ] /?p=3 | REQUEST: [{"request":[],"input":""}]
[ 2017-12-29 01:08:36 ] /favicon.ico | REQUEST: [{"request":[],"input":""}]
[ 2017-12-29 01:08:37 ] /?p=3 | REQUEST: [{"request":[],"input":""}]
[ 2017-12-29 01:08:37 ] /favicon.ico | REQUEST: [{"request":[],"input":""}]
[ 2017-12-29 01:08:38 ] /?p=3 | REQUEST: [{"request":[],"input":""}]
[ 2017-12-29 01:08:38 ] /favicon.ico | REQUEST: [{"request":[],"input":""}]
[ 2017-12-29 01:08:40 ] /?p=1 | REQUEST: [{"request":[],"input":""}]
[ 2017-12-29 01:08:40 ] /favicon.ico | REQUEST: [{"request":[],"input":""}]
[ 2017-12-29 01:08:42 ] /?p=3 | REQUEST: [{"request":[],"input":""}]
[ 2017-12-29 01:08:42 ] /favicon.ico | REQUEST: [{"request":[],"input":""}]
[ 2017-12-29 01:10:01 ] /?p=1 | REQUEST: [{"request":[],"input":""}]
[ 2017-12-29 01:10:01 ] /favicon.ico | REQUEST: [{"request":[],"input":""}]
[ 2017-12-29 01:10:06 ] /?p=3 | REQUEST: [{"request":[],"input":""}]
[ 2017-12-29 01:10:07 ] /favicon.ico | REQUEST: [{"request":[],"input":""}]
[ 2017-12-29 01:10:09 ] /?p=1 | REQUEST: [{"request":[],"input":""}]
[ 2017-12-29 01:10:09 ] /favicon.ico | REQUEST: [{"request":[],"input":""}]
[ 2017-12-29 01:10:13 ] /?p=1 | REQUEST: [{"request":[],"input":""}]
[ 2017-12-29 01:10:13 ] /favicon.ico | REQUEST: [{"request":[],"input":""}]
[ 2017-12-29 01:17:17 ] /?p=1 | REQUEST: [{"request":[],"input":""}]
[ 2017-12-29 01:17:17 ] /favicon.ico | REQUEST: [{"request":[],"input":""}]
[ 2017-12-29 01:17:21 ] /?p=1 | REQUEST: [{"request":[],"input":""}]
[ 2017-12-29 01:17:21 ] /favicon.ico | REQUEST: [{"request":[],"input":""}]
[ 2017-12-29 01:17:22 ] /?p=1 | REQUEST: [{"request":[],"input":""}]
[ 2017-12-29 01:17:22 ] /favicon.ico | REQUEST: [{"request":[],"input":""}]
[ 2017-12-29 01:17:28 ] / | REQUEST: [{"request":[],"input":""}]
[ 2017-12-29 01:17:28 ] /favicon.ico | REQUEST: [{"request":[],"input":""}]
[ 2017-12-29 01:18:00 ] / | REQUEST: [{"request":[],"input":""}]
[ 2017-12-29 01:18:00 ] /favicon.ico | REQUEST: [{"request":[],"input":""}]
[ 2017-12-29 01:18:01 ] / | REQUEST: [{"request":[],"input":""}]
[ 2017-12-29 01:18:01 ] /favicon.ico | REQUEST: [{"request":[],"input":""}]
[ 2017-12-29 01:18:01 ] / | REQUEST: [{"request":[],"input":""}]
[ 2017-12-29 01:18:01 ] /favicon.ico | REQUEST: [{"request":[],"input":""}]
[ 2017-12-29 01:18:02 ] / | REQUEST: [{"request":[],"input":""}]
[ 2017-12-29 01:18:02 ] /favicon.ico | REQUEST: [{"request":[],"input":""}]
[ 2017-12-29 01:18:02 ] / | REQUEST: [{"request":[],"input":""}]
[ 2017-12-29 01:18:02 ] /favicon.ico | REQUEST: [{"request":[],"input":""}]
[ 2017-12-29 01:18:02 ] / | REQUEST: [{"request":[],"input":""}]
[ 2017-12-29 01:18:02 ] /favicon.ico | REQUEST: [{"request":[],"input":""}]
[ 2017-12-29 01:18:02 ] / | REQUEST: [{"request":[],"input":""}]
[ 2017-12-29 01:18:02 ] /favicon.ico | REQUEST: [{"request":[],"input":""}]
[ 2017-12-29 01:18:03 ] / | REQUEST: [{"request":[],"input":""}]
[ 2017-12-29 01:18:03 ] /favicon.ico | REQUEST: [{"request":[],"input":""}]
[ 2017-12-29 01:18:03 ] / | REQUEST: [{"request":[],"input":""}]
[ 2017-12-29 01:18:03 ] /favicon.ico | REQUEST: [{"request":[],"input":""}]
[ 2017-12-29 01:18:03 ] / | REQUEST: [{"request":[],"input":""}]
[ 2017-12-29 01:18:03 ] /favicon.ico | REQUEST: [{"request":[],"input":""}]
[ 2017-12-29 01:18:03 ] / | REQUEST: [{"request":[],"input":""}]
[ 2017-12-29 01:18:03 ] /favicon.ico | REQUEST: [{"request":[],"input":""}]
[ 2017-12-29 01:18:04 ] / | REQUEST: [{"request":[],"input":""}]
[ 2017-12-29 01:18:04 ] /favicon.ico | REQUEST: [{"request":[],"input":""}]
[ 2017-12-29 01:18:04 ] / | REQUEST: [{"request":[],"input":""}]
[ 2017-12-29 01:18:04 ] /favicon.ico | REQUEST: [{"request":[],"input":""}]
[ 2017-12-29 01:18:04 ] / | REQUEST: [{"request":[],"input":""}]
[ 2017-12-29 01:18:04 ] /favicon.ico | REQUEST: [{"request":[],"input":""}]
[ 2017-12-29 01:18:04 ] / | REQUEST: [{"request":[],"input":""}]
[ 2017-12-29 01:18:05 ] /favicon.ico | REQUEST: [{"request":[],"input":""}]
[ 2017-12-29 01:18:05 ] / | REQUEST: [{"request":[],"input":""}]
[ 2017-12-29 01:18:05 ] /favicon.ico | REQUEST: [{"request":[],"input":""}]
[ 2017-12-29 01:18:06 ] / | REQUEST: [{"request":[],"input":""}]
[ 2017-12-29 01:18:06 ] /favicon.ico | REQUEST: [{"request":[],"input":""}]
[ 2017-12-29 01:18:06 ] / | REQUEST: [{"request":[],"input":""}]
[ 2017-12-29 01:18:06 ] /favicon.ico | REQUEST: [{"request":[],"input":""}]
[ 2017-12-29 01:18:06 ] / | REQUEST: [{"request":[],"input":""}]
[ 2017-12-29 01:18:06 ] /favicon.ico | REQUEST: [{"request":[],"input":""}]
[ 2017-12-29 01:18:06 ] / | REQUEST: [{"request":[],"input":""}]
[ 2017-12-29 01:18:06 ] /favicon.ico | REQUEST: [{"request":[],"input":""}]
[ 2017-12-29 01:19:14 ] / | REQUEST: [{"request":[],"input":""}]
[ 2017-12-29 01:19:14 ] /favicon.ico | REQUEST: [{"request":[],"input":""}]
[ 2017-12-29 01:19:15 ] / | REQUEST: [{"request":[],"input":""}]
[ 2017-12-29 01:19:15 ] /favicon.ico | REQUEST: [{"request":[],"input":""}]
[ 2017-12-29 01:19:15 ] / | REQUEST: [{"request":[],"input":""}]
[ 2017-12-29 01:19:15 ] /favicon.ico | REQUEST: [{"request":[],"input":""}]
[ 2017-12-29 01:19:15 ] / | REQUEST: [{"request":[],"input":""}]
[ 2017-12-29 01:19:15 ] /favicon.ico | REQUEST: [{"request":[],"input":""}]
[ 2017-12-29 01:19:15 ] / | REQUEST: [{"request":[],"input":""}]
[ 2017-12-29 01:19:15 ] /favicon.ico | REQUEST: [{"request":[],"input":""}]
[ 2017-12-29 01:21:24 ] / | REQUEST: [{"request":[],"input":""}]
[ 2017-12-29 01:21:24 ] /favicon.ico | REQUEST: [{"request":[],"input":""}]
[ 2017-12-29 01:21:25 ] / | REQUEST: [{"request":[],"input":""}]
[ 2017-12-29 01:21:25 ] /favicon.ico | REQUEST: [{"request":[],"input":""}]
[ 2017-12-29 01:21:25 ] / | REQUEST: [{"request":[],"input":""}]
[ 2017-12-29 01:21:25 ] /favicon.ico | REQUEST: [{"request":[],"input":""}]
[ 2017-12-29 01:21:26 ] / | REQUEST: [{"request":[],"input":""}]
[ 2017-12-29 01:21:26 ] /favicon.ico | REQUEST: [{"request":[],"input":""}]
[ 2017-12-29 01:21:26 ] / | REQUEST: [{"request":[],"input":""}]
[ 2017-12-29 01:21:26 ] /favicon.ico | REQUEST: [{"request":[],"input":""}]
[ 2017-12-29 01:21:26 ] / | REQUEST: [{"request":[],"input":""}]
[ 2017-12-29 01:21:26 ] /favicon.ico | REQUEST: [{"request":[],"input":""}]
[ 2017-12-29 01:21:26 ] / | REQUEST: [{"request":[],"input":""}]
[ 2017-12-29 01:21:26 ] /favicon.ico | REQUEST: [{"request":[],"input":""}]
[ 2017-12-29 01:21:26 ] / | REQUEST: [{"request":[],"input":""}]
[ 2017-12-29 01:21:27 ] /favicon.ico | REQUEST: [{"request":[],"input":""}]
[ 2017-12-29 01:21:27 ] / | REQUEST: [{"request":[],"input":""}]
[ 2017-12-29 01:21:27 ] /favicon.ico | REQUEST: [{"request":[],"input":""}]
[ 2017-12-29 01:21:27 ] / | REQUEST: [{"request":[],"input":""}]
[ 2017-12-29 01:21:27 ] /favicon.ico | REQUEST: [{"request":[],"input":""}]
[ 2017-12-29 01:21:27 ] / | REQUEST: [{"request":[],"input":""}]
[ 2017-12-29 01:21:27 ] /favicon.ico | REQUEST: [{"request":[],"input":""}]
[ 2017-12-29 01:21:27 ] / | REQUEST: [{"request":[],"input":""}]
[ 2017-12-29 01:21:27 ] /favicon.ico | REQUEST: [{"request":[],"input":""}]
[ 2017-12-29 01:21:28 ] / | REQUEST: [{"request":[],"input":""}]
[ 2017-12-29 01:21:28 ] /favicon.ico | REQUEST: [{"request":[],"input":""}]
[ 2017-12-29 01:21:28 ] / | REQUEST: [{"request":[],"input":""}]
[ 2017-12-29 01:21:28 ] /favicon.ico | REQUEST: [{"request":[],"input":""}]
[ 2017-12-29 01:21:28 ] / | REQUEST: [{"request":[],"input":""}]
[ 2017-12-29 01:21:28 ] /favicon.ico | REQUEST: [{"request":[],"input":""}]
[ 2017-12-29 01:21:28 ] / | REQUEST: [{"request":[],"input":""}]
[ 2017-12-29 01:21:28 ] /favicon.ico | REQUEST: [{"request":[],"input":""}]
[ 2017-12-29 01:21:28 ] / | REQUEST: [{"request":[],"input":""}]
[ 2017-12-29 01:21:28 ] /favicon.ico | REQUEST: [{"request":[],"input":""}]
[ 2017-12-29 01:21:29 ] / | REQUEST: [{"request":[],"input":""}]
[ 2017-12-29 01:21:29 ] /favicon.ico | REQUEST: [{"request":[],"input":""}]
[ 2017-12-29 01:21:29 ] / | REQUEST: [{"request":[],"input":""}]
[ 2017-12-29 01:21:29 ] /favicon.ico | REQUEST: [{"request":[],"input":""}]
[ 2017-12-29 01:21:29 ] / | REQUEST: [{"request":[],"input":""}]
[ 2017-12-29 01:21:29 ] /favicon.ico | REQUEST: [{"request":[],"input":""}]
[ 2017-12-29 01:21:29 ] / | REQUEST: [{"request":[],"input":""}]
[ 2017-12-29 01:21:29 ] /favicon.ico | REQUEST: [{"request":[],"input":""}]
[ 2017-12-29 01:21:29 ] / | REQUEST: [{"request":[],"input":""}]
[ 2017-12-29 01:21:30 ] /favicon.ico | REQUEST: [{"request":[],"input":""}]
[ 2017-12-29 01:21:30 ] / | REQUEST: [{"request":[],"input":""}]
[ 2017-12-29 01:21:30 ] /favicon.ico | REQUEST: [{"request":[],"input":""}]
[ 2017-12-29 01:21:30 ] / | REQUEST: [{"request":[],"input":""}]
[ 2017-12-29 01:21:30 ] /favicon.ico | REQUEST: [{"request":[],"input":""}]
[ 2017-12-29 01:21:30 ] / | REQUEST: [{"request":[],"input":""}]
[ 2017-12-29 01:21:30 ] /favicon.ico | REQUEST: [{"request":[],"input":""}]
[ 2017-12-29 01:21:30 ] / | REQUEST: [{"request":[],"input":""}]
[ 2017-12-29 01:21:30 ] /favicon.ico | REQUEST: [{"request":[],"input":""}]
[ 2017-12-29 01:21:31 ] / | REQUEST: [{"request":[],"input":""}]
[ 2017-12-29 01:21:31 ] /favicon.ico | REQUEST: [{"request":[],"input":""}]
[ 2017-12-29 01:21:31 ] / | REQUEST: [{"request":[],"input":""}]
[ 2017-12-29 01:21:31 ] /favicon.ico | REQUEST: [{"request":[],"input":""}]
[ 2017-12-29 01:21:31 ] / | REQUEST: [{"request":[],"input":""}]
[ 2017-12-29 01:21:31 ] /favicon.ico | REQUEST: [{"request":[],"input":""}]
[ 2017-12-29 01:21:32 ] / | REQUEST: [{"request":[],"input":""}]
[ 2017-12-29 01:21:32 ] /favicon.ico | REQUEST: [{"request":[],"input":""}]
[ 2017-12-29 01:21:32 ] / | REQUEST: [{"request":[],"input":""}]
[ 2017-12-29 01:21:32 ] /favicon.ico | REQUEST: [{"request":[],"input":""}]
[ 2017-12-29 01:21:32 ] / | REQUEST: [{"request":[],"input":""}]
[ 2017-12-29 01:21:32 ] /favicon.ico | REQUEST: [{"request":[],"input":""}]
[ 2017-12-29 01:21:57 ] / | REQUEST: [{"request":[],"input":""}]
[ 2017-12-29 01:21:57 ] /favicon.ico | REQUEST: [{"request":[],"input":""}]
[ 2017-12-29 01:22:45 ] /?next=34 | REQUEST: [{"request":[],"input":""}]
[ 2017-12-29 01:22:45 ] /favicon.ico | REQUEST: [{"request":[],"input":""}]
[ 2017-12-29 01:22:50 ] /?next=54 | REQUEST: [{"request":[],"input":""}]
[ 2017-12-29 01:22:51 ] /favicon.ico | REQUEST: [{"request":[],"input":""}]
[ 2017-12-29 01:23:02 ] /?page=54 | REQUEST: [{"request":[],"input":""}]
[ 2017-12-29 01:23:02 ] /favicon.ico | REQUEST: [{"request":[],"input":""}]
[ 2017-12-29 01:23:25 ] /?p=54 | REQUEST: [{"request":[],"input":""}]
[ 2017-12-29 01:23:25 ] /favicon.ico | REQUEST: [{"request":[],"input":""}]
[ 2017-12-29 01:23:46 ] /?p=54 | REQUEST: [{"request":[],"input":""}]
[ 2017-12-29 01:23:46 ] /favicon.ico | REQUEST: [{"request":[],"input":""}]
[ 2017-12-29 01:26:12 ] /?p=54 | REQUEST: [{"request":[],"input":""}]
[ 2017-12-29 01:26:12 ] /favicon.ico | REQUEST: [{"request":[],"input":""}]
[ 2017-12-29 01:26:12 ] /?p=54 | REQUEST: [{"request":[],"input":""}]
[ 2017-12-29 01:26:12 ] /favicon.ico | REQUEST: [{"request":[],"input":""}]
[ 2017-12-29 01:26:13 ] /?p=54 | REQUEST: [{"request":[],"input":""}]
[ 2017-12-29 01:26:13 ] /favicon.ico | REQUEST: [{"request":[],"input":""}]
[ 2017-12-29 01:26:16 ] / | REQUEST: [{"request":[],"input":""}]
[ 2017-12-29 01:26:17 ] /favicon.ico | REQUEST: [{"request":[],"input":""}]
[ 2017-12-29 01:26:21 ] / | REQUEST: [{"request":[],"input":""}]
[ 2017-12-29 01:26:21 ] /favicon.ico | REQUEST: [{"request":[],"input":""}]
[ 2017-12-29 01:26:21 ] / | REQUEST: [{"request":[],"input":""}]
[ 2017-12-29 01:26:21 ] /favicon.ico | REQUEST: [{"request":[],"input":""}]
[ 2017-12-29 01:26:22 ] / | REQUEST: [{"request":[],"input":""}]
[ 2017-12-29 01:26:22 ] /favicon.ico | REQUEST: [{"request":[],"input":""}]
[ 2017-12-29 01:26:29 ] / | REQUEST: [{"request":[],"input":""}]
[ 2017-12-29 01:26:29 ] /favicon.ico | REQUEST: [{"request":[],"input":""}]
[ 2017-12-29 01:26:46 ] / | REQUEST: [{"request":[],"input":""}]
[ 2017-12-29 01:26:46 ] /favicon.ico | REQUEST: [{"request":[],"input":""}]
[ 2017-12-29 01:26:47 ] / | REQUEST: [{"request":[],"input":""}]
[ 2017-12-29 01:26:47 ] /favicon.ico | REQUEST: [{"request":[],"input":""}]
[ 2017-12-29 01:26:47 ] / | REQUEST: [{"request":[],"input":""}]
[ 2017-12-29 01:26:47 ] /favicon.ico | REQUEST: [{"request":[],"input":""}]
[ 2017-12-29 01:26:47 ] / | REQUEST: [{"request":[],"input":""}]
[ 2017-12-29 01:26:47 ] /favicon.ico | REQUEST: [{"request":[],"input":""}]
[ 2017-12-29 01:26:47 ] / | REQUEST: [{"request":[],"input":""}]
[ 2017-12-29 01:26:48 ] /favicon.ico | REQUEST: [{"request":[],"input":""}]
[ 2017-12-29 01:26:48 ] / | REQUEST: [{"request":[],"input":""}]
[ 2017-12-29 01:26:48 ] /favicon.ico | REQUEST: [{"request":[],"input":""}]
[ 2017-12-29 01:26:48 ] / | REQUEST: [{"request":[],"input":""}]
[ 2017-12-29 01:26:48 ] /favicon.ico | REQUEST: [{"request":[],"input":""}]
[ 2017-12-29 01:26:48 ] / | REQUEST: [{"request":[],"input":""}]
[ 2017-12-29 01:26:48 ] /favicon.ico | REQUEST: [{"request":[],"input":""}]
[ 2017-12-29 01:26:48 ] / | REQUEST: [{"request":[],"input":""}]
[ 2017-12-29 01:26:48 ] /favicon.ico | REQUEST: [{"request":[],"input":""}]
[ 2017-12-29 01:26:48 ] / | REQUEST: [{"request":[],"input":""}]
[ 2017-12-29 01:26:49 ] /favicon.ico | REQUEST: [{"request":[],"input":""}]
[ 2017-12-29 01:26:49 ] / | REQUEST: [{"request":[],"input":""}]
[ 2017-12-29 01:26:49 ] /favicon.ico | REQUEST: [{"request":[],"input":""}]
[ 2017-12-29 01:26:49 ] / | REQUEST: [{"request":[],"input":""}]
[ 2017-12-29 01:26:49 ] /favicon.ico | REQUEST: [{"request":[],"input":""}]
[ 2017-12-29 01:26:49 ] / | REQUEST: [{"request":[],"input":""}]
[ 2017-12-29 01:26:49 ] /favicon.ico | REQUEST: [{"request":[],"input":""}]
[ 2017-12-29 01:26:49 ] / | REQUEST: [{"request":[],"input":""}]
[ 2017-12-29 01:26:50 ] /favicon.ico | REQUEST: [{"request":[],"input":""}]
[ 2017-12-29 01:26:50 ] / | REQUEST: [{"request":[],"input":""}]
[ 2017-12-29 01:26:50 ] /favicon.ico | REQUEST: [{"request":[],"input":""}]
[ 2017-12-29 01:26:50 ] / | REQUEST: [{"request":[],"input":""}]
[ 2017-12-29 01:26:50 ] /favicon.ico | REQUEST: [{"request":[],"input":""}]
[ 2017-12-29 01:27:06 ] / | REQUEST: [{"request":[],"input":""}]
[ 2017-12-29 01:27:06 ] /favicon.ico | REQUEST: [{"request":[],"input":""}]
[ 2017-12-29 01:27:06 ] / | REQUEST: [{"request":[],"input":""}]
[ 2017-12-29 01:27:07 ] /favicon.ico | REQUEST: [{"request":[],"input":""}]
[ 2017-12-29 01:27:07 ] / | REQUEST: [{"request":[],"input":""}]
[ 2017-12-29 01:27:07 ] /favicon.ico | REQUEST: [{"request":[],"input":""}]
[ 2017-12-29 01:27:13 ] / | REQUEST: [{"request":[],"input":""}]
[ 2017-12-29 01:27:14 ] /favicon.ico | REQUEST: [{"request":[],"input":""}]
[ 2017-12-29 01:27:14 ] / | REQUEST: [{"request":[],"input":""}]
[ 2017-12-29 01:27:14 ] /favicon.ico | REQUEST: [{"request":[],"input":""}]
[ 2017-12-29 01:28:09 ] / | REQUEST: [{"request":[],"input":""}]
[ 2017-12-29 01:28:09 ] /favicon.ico | REQUEST: [{"request":[],"input":""}]
[ 2017-12-29 01:28:10 ] / | REQUEST: [{"request":[],"input":""}]
[ 2017-12-29 01:28:10 ] /favicon.ico | REQUEST: [{"request":[],"input":""}]
[ 2017-12-29 01:28:12 ] / | REQUEST: [{"request":[],"input":""}]
[ 2017-12-29 01:28:12 ] /favicon.ico | REQUEST: [{"request":[],"input":""}]
[ 2017-12-29 01:28:12 ] / | REQUEST: [{"request":[],"input":""}]
[ 2017-12-29 01:28:12 ] /favicon.ico | REQUEST: [{"request":[],"input":""}]
[ 2017-12-29 01:28:12 ] / | REQUEST: [{"request":[],"input":""}]
[ 2017-12-29 01:28:12 ] /favicon.ico | REQUEST: [{"request":[],"input":""}]
[ 2017-12-29 01:28:23 ] / | REQUEST: [{"request":[],"input":""}]
[ 2017-12-29 01:28:24 ] /favicon.ico | REQUEST: [{"request":[],"input":""}]
[ 2017-12-29 01:28:24 ] / | REQUEST: [{"request":[],"input":""}]
[ 2017-12-29 01:28:24 ] /favicon.ico | REQUEST: [{"request":[],"input":""}]
[ 2017-12-29 01:28:25 ] / | REQUEST: [{"request":[],"input":""}]
[ 2017-12-29 01:28:25 ] /favicon.ico | REQUEST: [{"request":[],"input":""}]
[ 2017-12-29 01:28:25 ] / | REQUEST: [{"request":[],"input":""}]
[ 2017-12-29 01:28:25 ] /favicon.ico | REQUEST: [{"request":[],"input":""}]
[ 2017-12-29 01:28:39 ] / | REQUEST: [{"request":[],"input":""}]
[ 2017-12-29 01:28:39 ] /favicon.ico | REQUEST: [{"request":[],"input":""}]
[ 2017-12-29 01:28:39 ] / | REQUEST: [{"request":[],"input":""}]
[ 2017-12-29 01:28:40 ] /favicon.ico | REQUEST: [{"request":[],"input":""}]
[ 2017-12-29 01:28:40 ] / | REQUEST: [{"request":[],"input":""}]
[ 2017-12-29 01:28:40 ] /favicon.ico | REQUEST: [{"request":[],"input":""}]
[ 2017-12-29 01:28:54 ] / | REQUEST: [{"request":[],"input":""}]
[ 2017-12-29 01:28:54 ] /favicon.ico | REQUEST: [{"request":[],"input":""}]
[ 2017-12-29 01:28:55 ] / | REQUEST: [{"request":[],"input":""}]
[ 2017-12-29 01:28:55 ] /favicon.ico | REQUEST: [{"request":[],"input":""}]
[ 2017-12-29 01:28:55 ] / | REQUEST: [{"request":[],"input":""}]
[ 2017-12-29 01:28:55 ] /favicon.ico | REQUEST: [{"request":[],"input":""}]
[ 2017-12-29 01:30:07 ] / | REQUEST: [{"request":[],"input":""}]
[ 2017-12-29 01:30:07 ] /favicon.ico | REQUEST: [{"request":[],"input":""}]
[ 2017-12-29 01:30:08 ] / | REQUEST: [{"request":[],"input":""}]
[ 2017-12-29 01:30:08 ] /favicon.ico | REQUEST: [{"request":[],"input":""}]
[ 2017-12-29 01:30:09 ] / | REQUEST: [{"request":[],"input":""}]
[ 2017-12-29 01:30:09 ] /favicon.ico | REQUEST: [{"request":[],"input":""}]
[ 2017-12-29 01:30:09 ] / | REQUEST: [{"request":[],"input":""}]
[ 2017-12-29 01:30:09 ] /favicon.ico | REQUEST: [{"request":[],"input":""}]
[ 2017-12-29 01:30:09 ] / | REQUEST: [{"request":[],"input":""}]
[ 2017-12-29 01:30:09 ] /favicon.ico | REQUEST: [{"request":[],"input":""}]
[ 2017-12-29 01:30:10 ] / | REQUEST: [{"request":[],"input":""}]
[ 2017-12-29 01:30:10 ] /favicon.ico | REQUEST: [{"request":[],"input":""}]
[ 2017-12-29 01:30:10 ] / | REQUEST: [{"request":[],"input":""}]
[ 2017-12-29 01:30:10 ] /favicon.ico | REQUEST: [{"request":[],"input":""}]
[ 2017-12-29 01:30:10 ] / | REQUEST: [{"request":[],"input":""}]
[ 2017-12-29 01:30:10 ] /favicon.ico | REQUEST: [{"request":[],"input":""}]
[ 2017-12-29 01:30:10 ] / | REQUEST: [{"request":[],"input":""}]
[ 2017-12-29 01:30:10 ] /favicon.ico | REQUEST: [{"request":[],"input":""}]
[ 2017-12-29 01:30:49 ] / | REQUEST: [{"request":[],"input":""}]
[ 2017-12-29 01:30:49 ] /favicon.ico | REQUEST: [{"request":[],"input":""}]
[ 2017-12-29 01:30:49 ] / | REQUEST: [{"request":[],"input":""}]
[ 2017-12-29 01:30:49 ] /favicon.ico | REQUEST: [{"request":[],"input":""}]
[ 2017-12-29 01:30:50 ] / | REQUEST: [{"request":[],"input":""}]
[ 2017-12-29 01:30:50 ] /favicon.ico | REQUEST: [{"request":[],"input":""}]
[ 2017-12-29 01:30:50 ] / | REQUEST: [{"request":[],"input":""}]
[ 2017-12-29 01:30:50 ] /favicon.ico | REQUEST: [{"request":[],"input":""}]
[ 2017-12-29 01:30:50 ] / | REQUEST: [{"request":[],"input":""}]
[ 2017-12-29 01:30:50 ] /favicon.ico | REQUEST: [{"request":[],"input":""}]
[ 2017-12-29 01:30:57 ] / | REQUEST: [{"request":[],"input":""}]
[ 2017-12-29 01:30:57 ] /favicon.ico | REQUEST: [{"request":[],"input":""}]
[ 2017-12-29 01:30:57 ] / | REQUEST: [{"request":[],"input":""}]
[ 2017-12-29 01:30:57 ] /favicon.ico | REQUEST: [{"request":[],"input":""}]
[ 2017-12-29 01:30:58 ] / | REQUEST: [{"request":[],"input":""}]
[ 2017-12-29 01:30:58 ] /favicon.ico | REQUEST: [{"request":[],"input":""}]
[ 2017-12-29 01:31:28 ] / | REQUEST: [{"request":[],"input":""}]
[ 2017-12-29 01:31:28 ] /favicon.ico | REQUEST: [{"request":[],"input":""}]
[ 2017-12-29 01:31:29 ] / | REQUEST: [{"request":[],"input":""}]
[ 2017-12-29 01:31:29 ] /favicon.ico | REQUEST: [{"request":[],"input":""}]
[ 2017-12-29 01:31:29 ] / | REQUEST: [{"request":[],"input":""}]
[ 2017-12-29 01:31:29 ] /favicon.ico | REQUEST: [{"request":[],"input":""}]
[ 2017-12-29 01:31:29 ] / | REQUEST: [{"request":[],"input":""}]
[ 2017-12-29 01:31:29 ] /favicon.ico | REQUEST: [{"request":[],"input":""}]
[ 2017-12-29 01:31:29 ] / | REQUEST: [{"request":[],"input":""}]
[ 2017-12-29 01:31:29 ] /favicon.ico | REQUEST: [{"request":[],"input":""}]
[ 2017-12-29 01:31:30 ] / | REQUEST: [{"request":[],"input":""}]
[ 2017-12-29 01:31:30 ] /favicon.ico | REQUEST: [{"request":[],"input":""}]
[ 2017-12-29 01:31:30 ] / | REQUEST: [{"request":[],"input":""}]
[ 2017-12-29 01:31:30 ] /favicon.ico | REQUEST: [{"request":[],"input":""}]
[ 2017-12-29 01:31:30 ] / | REQUEST: [{"request":[],"input":""}]
[ 2017-12-29 01:31:30 ] /favicon.ico | REQUEST: [{"request":[],"input":""}]
[ 2017-12-29 01:31:30 ] / | REQUEST: [{"request":[],"input":""}]
[ 2017-12-29 01:31:30 ] /favicon.ico | REQUEST: [{"request":[],"input":""}]
[ 2017-12-29 01:31:30 ] / | REQUEST: [{"request":[],"input":""}]
[ 2017-12-29 01:31:30 ] /favicon.ico | REQUEST: [{"request":[],"input":""}]
[ 2017-12-29 01:31:31 ] / | REQUEST: [{"request":[],"input":""}]
[ 2017-12-29 01:31:31 ] /favicon.ico | REQUEST: [{"request":[],"input":""}]
[ 2017-12-29 01:31:31 ] / | REQUEST: [{"request":[],"input":""}]
[ 2017-12-29 01:31:31 ] /favicon.ico | REQUEST: [{"request":[],"input":""}]
[ 2017-12-29 01:31:31 ] / | REQUEST: [{"request":[],"input":""}]
[ 2017-12-29 01:31:31 ] /favicon.ico | REQUEST: [{"request":[],"input":""}]
[ 2017-12-29 01:31:32 ] / | REQUEST: [{"request":[],"input":""}]
[ 2017-12-29 01:31:32 ] /favicon.ico | REQUEST: [{"request":[],"input":""}]
[ 2017-12-29 01:31:32 ] / | REQUEST: [{"request":[],"input":""}]
[ 2017-12-29 01:31:32 ] /favicon.ico | REQUEST: [{"request":[],"input":""}]
[ 2017-12-29 01:31:33 ] / | REQUEST: [{"request":[],"input":""}]
[ 2017-12-29 01:31:33 ] /favicon.ico | REQUEST: [{"request":[],"input":""}]
[ 2017-12-29 01:31:33 ] / | REQUEST: [{"request":[],"input":""}]
[ 2017-12-29 01:31:33 ] /favicon.ico | REQUEST: [{"request":[],"input":""}]
[ 2017-12-29 01:31:34 ] / | REQUEST: [{"request":[],"input":""}]
[ 2017-12-29 01:31:34 ] /favicon.ico | REQUEST: [{"request":[],"input":""}]
[ 2017-12-29 01:31:34 ] / | REQUEST: [{"request":[],"input":""}]
[ 2017-12-29 01:31:34 ] /favicon.ico | REQUEST: [{"request":[],"input":""}]
[ 2017-12-29 01:31:52 ] / | REQUEST: [{"request":[],"input":""}]
[ 2017-12-29 01:31:52 ] /favicon.ico | REQUEST: [{"request":[],"input":""}]
[ 2017-12-29 01:31:53 ] / | REQUEST: [{"request":[],"input":""}]
[ 2017-12-29 01:31:53 ] /favicon.ico | REQUEST: [{"request":[],"input":""}]
[ 2017-12-29 01:31:53 ] / | REQUEST: [{"request":[],"input":""}]
[ 2017-12-29 01:31:53 ] /favicon.ico | REQUEST: [{"request":[],"input":""}]
[ 2017-12-29 01:32:02 ] / | REQUEST: [{"request":[],"input":""}]
[ 2017-12-29 01:32:03 ] /favicon.ico | REQUEST: [{"request":[],"input":""}]
[ 2017-12-29 01:32:03 ] / | REQUEST: [{"request":[],"input":""}]
[ 2017-12-29 01:32:03 ] /favicon.ico | REQUEST: [{"request":[],"input":""}]
[ 2017-12-29 01:32:15 ] / | REQUEST: [{"request":[],"input":""}]
[ 2017-12-29 01:32:15 ] /favicon.ico | REQUEST: [{"request":[],"input":""}]
[ 2017-12-29 01:32:24 ] / | REQUEST: [{"request":[],"input":""}]
[ 2017-12-29 01:32:24 ] /favicon.ico | REQUEST: [{"request":[],"input":""}]
[ 2017-12-29 01:32:25 ] / | REQUEST: [{"request":[],"input":""}]
[ 2017-12-29 01:32:25 ] /favicon.ico | REQUEST: [{"request":[],"input":""}]
[ 2017-12-29 01:32:25 ] / | REQUEST: [{"request":[],"input":""}]
[ 2017-12-29 01:32:25 ] /favicon.ico | REQUEST: [{"request":[],"input":""}]
[ 2017-12-29 01:32:25 ] / | REQUEST: [{"request":[],"input":""}]
[ 2017-12-29 01:32:25 ] /favicon.ico | REQUEST: [{"request":[],"input":""}]
[ 2017-12-29 01:33:28 ] /?p=1 | REQUEST: [{"request":[],"input":""}]
[ 2017-12-29 01:33:28 ] /favicon.ico | REQUEST: [{"request":[],"input":""}]
[ 2017-12-29 01:33:29 ] /?p=1 | REQUEST: [{"request":[],"input":""}]
[ 2017-12-29 01:33:29 ] /favicon.ico | REQUEST: [{"request":[],"input":""}]
[ 2017-12-29 01:33:29 ] /?p=1 | REQUEST: [{"request":[],"input":""}]
[ 2017-12-29 01:33:29 ] /favicon.ico | REQUEST: [{"request":[],"input":""}]
[ 2017-12-29 01:33:29 ] /?p=1 | REQUEST: [{"request":[],"input":""}]
[ 2017-12-29 01:33:29 ] /favicon.ico | REQUEST: [{"request":[],"input":""}]
[ 2017-12-29 01:33:32 ] /?p=1 | REQUEST: [{"request":[],"input":""}]
[ 2017-12-29 01:33:32 ] /favicon.ico | REQUEST: [{"request":[],"input":""}]
[ 2017-12-29 01:33:35 ] /?p=1 | REQUEST: [{"request":[],"input":""}]
[ 2017-12-29 01:33:35 ] /favicon.ico | REQUEST: [{"request":[],"input":""}]
[ 2017-12-29 01:33:35 ] /?p=1 | REQUEST: [{"request":[],"input":""}]
[ 2017-12-29 01:33:35 ] /favicon.ico | REQUEST: [{"request":[],"input":""}]
[ 2017-12-29 01:33:35 ] /?p=1 | REQUEST: [{"request":[],"input":""}]
[ 2017-12-29 01:33:36 ] /favicon.ico | REQUEST: [{"request":[],"input":""}]
[ 2017-12-29 01:33:36 ] /?p=1 | REQUEST: [{"request":[],"input":""}]
[ 2017-12-29 01:33:36 ] /favicon.ico | REQUEST: [{"request":[],"input":""}]
[ 2017-12-29 01:33:36 ] /?p=1 | REQUEST: [{"request":[],"input":""}]
[ 2017-12-29 01:33:36 ] /favicon.ico | REQUEST: [{"request":[],"input":""}]
[ 2017-12-29 01:33:36 ] /?p=1 | REQUEST: [{"request":[],"input":""}]
[ 2017-12-29 01:33:36 ] /favicon.ico | REQUEST: [{"request":[],"input":""}]
[ 2017-12-29 01:33:37 ] /?p=1 | REQUEST: [{"request":[],"input":""}]
[ 2017-12-29 01:33:37 ] /favicon.ico | REQUEST: [{"request":[],"input":""}]
[ 2017-12-29 01:33:40 ] / | REQUEST: [{"request":[],"input":""}]
[ 2017-12-29 01:33:40 ] /favicon.ico | REQUEST: [{"request":[],"input":""}]
[ 2017-12-29 01:33:41 ] / | REQUEST: [{"request":[],"input":""}]
[ 2017-12-29 01:33:41 ] /favicon.ico | REQUEST: [{"request":[],"input":""}]
[ 2017-12-29 01:33:41 ] / | REQUEST: [{"request":[],"input":""}]
[ 2017-12-29 01:33:41 ] /favicon.ico | REQUEST: [{"request":[],"input":""}]
[ 2017-12-29 01:33:42 ] / | REQUEST: [{"request":[],"input":""}]
[ 2017-12-29 01:33:42 ] /favicon.ico | REQUEST: [{"request":[],"input":""}]
[ 2017-12-29 01:34:52 ] /?p=1 | REQUEST: [{"request":[],"input":""}]
[ 2017-12-29 01:34:52 ] /favicon.ico | REQUEST: [{"request":[],"input":""}]
[ 2017-12-29 01:34:52 ] /?p=1 | REQUEST: [{"request":[],"input":""}]
[ 2017-12-29 01:34:52 ] /favicon.ico | REQUEST: [{"request":[],"input":""}]
[ 2017-12-29 01:34:54 ] / | REQUEST: [{"request":[],"input":""}]
[ 2017-12-29 01:34:54 ] /favicon.ico | REQUEST: [{"request":[],"input":""}]
[ 2017-12-29 01:34:55 ] / | REQUEST: [{"request":[],"input":""}]
[ 2017-12-29 01:34:55 ] /favicon.ico | REQUEST: [{"request":[],"input":""}]
[ 2017-12-29 01:34:56 ] / | REQUEST: [{"request":[],"input":""}]
[ 2017-12-29 01:34:56 ] /favicon.ico | REQUEST: [{"request":[],"input":""}]
[ 2017-12-29 01:34:56 ] / | REQUEST: [{"request":[],"input":""}]
[ 2017-12-29 01:34:56 ] /favicon.ico | REQUEST: [{"request":[],"input":""}]
[ 2017-12-29 01:34:56 ] / | REQUEST: [{"request":[],"input":""}]
[ 2017-12-29 01:34:56 ] /favicon.ico | REQUEST: [{"request":[],"input":""}]
[ 2017-12-29 01:34:56 ] / | REQUEST: [{"request":[],"input":""}]
[ 2017-12-29 01:34:56 ] /favicon.ico | REQUEST: [{"request":[],"input":""}]
[ 2017-12-29 01:34:56 ] / | REQUEST: [{"request":[],"input":""}]
[ 2017-12-29 01:34:56 ] /favicon.ico | REQUEST: [{"request":[],"input":""}]
[ 2017-12-29 01:35:01 ] / | REQUEST: [{"request":[],"input":""}]
[ 2017-12-29 01:35:01 ] /favicon.ico | REQUEST: [{"request":[],"input":""}]
[ 2017-12-29 01:35:19 ] / | REQUEST: [{"request":[],"input":""}]
[ 2017-12-29 01:35:19 ] /favicon.ico | REQUEST: [{"request":[],"input":""}]
[ 2017-12-29 01:35:19 ] / | REQUEST: [{"request":[],"input":""}]
[ 2017-12-29 01:35:20 ] /favicon.ico | REQUEST: [{"request":[],"input":""}]
[ 2017-12-29 01:35:20 ] / | REQUEST: [{"request":[],"input":""}]
[ 2017-12-29 01:35:20 ] /favicon.ico | REQUEST: [{"request":[],"input":""}]
[ 2017-12-29 01:35:20 ] / | REQUEST: [{"request":[],"input":""}]
[ 2017-12-29 01:35:20 ] /favicon.ico | REQUEST: [{"request":[],"input":""}]
[ 2017-12-29 01:51:46 ] / | REQUEST: [{"request":[],"input":""}]
[ 2017-12-29 01:51:46 ] /favicon.ico | REQUEST: [{"request":[],"input":""}]
[ 2017-12-29 01:51:47 ] / | REQUEST: [{"request":[],"input":""}]
[ 2017-12-29 01:51:47 ] /favicon.ico | REQUEST: [{"request":[],"input":""}]
[ 2017-12-29 01:51:47 ] / | REQUEST: [{"request":[],"input":""}]
[ 2017-12-29 01:51:47 ] /favicon.ico | REQUEST: [{"request":[],"input":""}]
[ 2017-12-29 01:51:47 ] / | REQUEST: [{"request":[],"input":""}]
[ 2017-12-29 01:51:47 ] /favicon.ico | REQUEST: [{"request":[],"input":""}]
[ 2017-12-29 01:58:38 ] / | REQUEST: [{"request":[],"input":""}]
[ 2017-12-29 01:58:38 ] /favicon.ico | REQUEST: [{"request":[],"input":""}]
[ 2017-12-29 01:58:39 ] / | REQUEST: [{"request":[],"input":""}]
[ 2017-12-29 01:58:39 ] /favicon.ico | REQUEST: [{"request":[],"input":""}]
[ 2017-12-29 01:58:39 ] / | REQUEST: [{"request":[],"input":""}]
[ 2017-12-29 01:58:39 ] /favicon.ico | REQUEST: [{"request":[],"input":""}]
[ 2017-12-29 02:03:36 ] / | REQUEST: [{"request":[],"input":""}]
[ 2017-12-29 02:03:36 ] /favicon.ico | REQUEST: [{"request":[],"input":""}]
[ 2017-12-29 02:03:45 ] / | REQUEST: [{"request":[],"input":""}]
[ 2017-12-29 02:03:45 ] /favicon.ico | REQUEST: [{"request":[],"input":""}]
[ 2017-12-29 02:03:52 ] / | REQUEST: [{"request":[],"input":""}]
[ 2017-12-29 02:03:52 ] /favicon.ico | REQUEST: [{"request":[],"input":""}]
[ 2017-12-29 02:05:19 ] / | REQUEST: [{"request":[],"input":""}]
[ 2017-12-29 02:05:19 ] /favicon.ico | REQUEST: [{"request":[],"input":""}]
[ 2017-12-29 02:05:22 ] / | REQUEST: [{"request":[],"input":""}]
[ 2017-12-29 02:05:22 ] /favicon.ico | REQUEST: [{"request":[],"input":""}]
[ 2017-12-29 02:06:26 ] /?next=34_O0_-2_O0_1514024676 | REQUEST: [{"request":[],"input":""}]
[ 2017-12-29 02:06:27 ] /favicon.ico | REQUEST: [{"request":[],"input":""}]
[ 2017-12-29 02:07:42 ] /?p=34 | REQUEST: [{"request":[],"input":""}]
[ 2017-12-29 02:07:42 ] /favicon.ico | REQUEST: [{"request":[],"input":""}]
[ 2017-12-29 02:07:54 ] /?p=1 | REQUEST: [{"request":[],"input":""}]
[ 2017-12-29 02:07:54 ] /favicon.ico | REQUEST: [{"request":[],"input":""}]
[ 2017-12-29 02:15:33 ] / | REQUEST: [{"request":[],"input":""}]
[ 2017-12-29 02:15:33 ] /favicon.ico | REQUEST: [{"request":[],"input":""}]
[ 2017-12-29 02:15:38 ] /?p=1 | REQUEST: [{"request":[],"input":""}]
[ 2017-12-29 02:15:38 ] /favicon.ico | REQUEST: [{"request":[],"input":""}]
